<html>
<head>
<title>TestNG:  ChromeTesting</title>
<link href="../testng.css" rel="stylesheet" type="text/css" />
<link href="../my-testng.css" rel="stylesheet" type="text/css" />

<style type="text/css">
.log { display: none;} 
.stack-trace { display: none;} 
</style>
<script type="text/javascript">
<!--
function flip(e) {
  current = e.style.display;
  if (current == 'block') {
    e.style.display = 'none';
    return 0;
  }
  else {
    e.style.display = 'block';
    return 1;
  }
}

function toggleBox(szDivId, elem, msg1, msg2)
{
  var res = -1;  if (document.getElementById) {
    res = flip(document.getElementById(szDivId));
  }
  else if (document.all) {
    // this is the way old msie versions work
    res = flip(document.all[szDivId]);
  }
  if(elem) {
    if(res == 0) elem.innerHTML = msg1; else elem.innerHTML = msg2;
  }

}

function toggleAllBoxes() {
  if (document.getElementsByTagName) {
    d = document.getElementsByTagName('div');
    for (i = 0; i < d.length; i++) {
      if (d[i].className == 'log') {
        flip(d[i]);
      }
    }
  }
}

// -->
</script>

</head>
<body>
<h2 align='center'>ChromeTesting</h2><table border='1' align="center">
<tr>
<td>Tests passed/Failed/Skipped:</td><td>5/1/0</td>
</tr><tr>
<td>Started on:</td><td>Fri Dec 01 19:10:05 EET 2017</td>
</tr>
<tr><td>Total time:</td><td>85 seconds (85411 ms)</td>
</tr><tr>
<td>Included groups:</td><td></td>
</tr><tr>
<td>Excluded groups:</td><td></td>
</tr>
</table><p/>
<small><i>(Hover the method name to see the test class name)</i></small><p/>
<table width='100%' border='1' class='invocation-failed'>
<tr><td colspan='4' align='center'><b>FAILED TESTS</b></td></tr>
<tr><td><b>Test method</b></td>
<td width="30%"><b>Exception</b></td>
<td width="10%"><b>Time (seconds)</b></td>
<td><b>Instance</b></td>
</tr>
<tr>
<td title='pageobject.buildertest.DemoTestSuit.checkRedirectionToMenuPageAfterAddingLocationManuallyTEST()'><b>checkRedirectionToMenuPageAfterAddingLocationManuallyTEST</b><br>Test class: pageobject.buildertest.DemoTestSuit<br/>
<a href="#Output-651410142" onClick='toggleBox("Output-651410142", this, "Show output", "Hide output");'>Show output</a>

<a href="#Output-651410142" onClick="toggleAllBoxes();">Show all outputs</a>
<div class='log' id="Output-651410142">
<p><b>Test Status after execution: </b>&nbspFailed<p><br/>
<b><a href="file:///C:\Users\Nazar_Gorodenchuk\Desktop\patternsdemo-master/target/screenshots/checkRedirectionToMenuPageAfterAddingLocationManuallyTEST/checkRedirectionToMenuPageAfterAddingLocationManuallyTEST_01_12_2017_07_10_25.png" target='_blank' ><p><br/><img src="file:///C:\Users\Nazar_Gorodenchuk\Desktop\patternsdemo-master/target/screenshots/checkRedirectionToMenuPageAfterAddingLocationManuallyTEST/checkRedirectionToMenuPageAfterAddingLocationManuallyTEST_01_12_2017_07_10_25.png" width="600" height="400" alt=""/><br/></p></a></b><p><br/>
<p><b>Test Status after execution: </b>&nbspFailed<p><br/>
<b><a href="file:///C:\Users\Nazar_Gorodenchuk\Desktop\patternsdemo-master/target/screenshots/checkRedirectionToMenuPageAfterAddingLocationManuallyTEST/checkRedirectionToMenuPageAfterAddingLocationManuallyTEST_01_12_2017_07_10_31.png" target='_blank' ><p><br/><img src="file:///C:\Users\Nazar_Gorodenchuk\Desktop\patternsdemo-master/target/screenshots/checkRedirectionToMenuPageAfterAddingLocationManuallyTEST/checkRedirectionToMenuPageAfterAddingLocationManuallyTEST_01_12_2017_07_10_31.png" width="600" height="400" alt=""/><br/></p></a></b><p><br/>
</div>
</td>
<td><div><pre>org.openqa.selenium.NoSuchElementException: no such element: Unable to locate element: {&quot;method&quot;:&quot;xpath&quot;,&quot;selector&quot;:&quot;//figure[@data-strain=&apos;hybrid&apos; and @data-product=&apos;prerolls&apos;]//h2[.=&apos;testproduct1342&apos;]/..//div[@class=&apos;pack-count three-packs text-color-2&apos;]/div[@class=&apos;count-part count-plus&apos;]&quot;}
  (Session info: chrome=62.0.3202.94)
  (Driver info: chromedriver=2.33.506120 (e3e53437346286c0bc2d2dc9aa4915ba81d9023f),platform=Windows NT 10.0.15063 x86_64) (WARNING: The server did not provide any stacktrace information)
Command duration or timeout: 10.03 seconds
For documentation on this error, please visit: http://seleniumhq.org/exceptions/no_such_element.html
Build info: version: &apos;2.53.1&apos;, revision: &apos;a36b8b1cd5757287168e54b817830adce9b0158d&apos;, time: &apos;2016-06-30 19:26:09&apos;
System info: host: &apos;EPUALVIW0912&apos;, ip: &apos;10.25.14.48&apos;, os.name: &apos;Windows 10&apos;, os.arch: &apos;amd64&apos;, os.version: &apos;10.0&apos;, java.version: &apos;1.8.0_151&apos;
Driver info: org.openqa.selenium.chrome.ChromeDriver
Capabilities [{applicationCacheEnabled=false, rotatable=false, mobileEmulationEnabled=false, networkConnectionEnabled=false, chrome={chromedriverVersion=2.33.506120 (e3e53437346286c0bc2d2dc9aa4915ba81d9023f), userDataDir=C:\Users\NAZAR_~1\AppData\Local\Temp\scoped_dir20928_1985}, takesHeapSnapshot=true, pageLoadStrategy=normal, databaseEnabled=false, handlesAlerts=true, hasTouchScreen=false, version=62.0.3202.94, platform=XP, browserConnectionEnabled=false, nativeEvents=true, acceptSslCerts=true, locationContextEnabled=true, webStorageEnabled=true, browserName=chrome, takesScreenshot=true, javascriptEnabled=true, cssSelectorsEnabled=true, setWindowRect=true, unexpectedAlertBehaviour=}]
Session ID: 42698aab76f87d62769d478293c9c92e
*** Element info: {Using=xpath, value=//figure[@data-strain=&apos;hybrid&apos; and @data-product=&apos;prerolls&apos;]//h2[.=&apos;testproduct1342&apos;]/..//div[@class=&apos;pack-count three-packs text-color-2&apos;]/div[@class=&apos;count-part count-plus&apos;]}
	at org.openqa.selenium.remote.ErrorHandler.createThrowable(ErrorHandler.java:206)
	at org.openqa.selenium.remote.ErrorHandler.throwIfResponseFailed(ErrorHandler.java:158)
	at org.openqa.selenium.remote.RemoteWebDriver.execute(RemoteWebDriver.java:678)
	at org.openqa.selenium.remote.RemoteWebDriver.findElement(RemoteWebDriver.java:363)
	at org.openqa.selenium.remote.RemoteWebDriver.findElementByXPath(RemoteWebDriver.java:500)
	at org.openqa.selenium.By$ByXPath.findElement(By.java:361)
	at org.openqa.selenium.remote.RemoteWebDriver.findElement(RemoteWebDriver.java:355)
	at org.openqa.selenium.support.events.EventFiringWebDriver$2.invoke(EventFiringWebDriver.java:103)
	at com.sun.proxy.$Proxy24.findElement(Unknown Source)
	at org.openqa.selenium.support.events.EventFiringWebDriver.findElement(EventFiringWebDriver.java:188)
	at pageObject.mmjtraine.pages.MenuPage.selectQuantityProductItem(MenuPage.java:70)
	at pageobject.buildertest.DemoTestSuit.checkRedirectionToMenuPageAfterAddingLocationManuallyTEST(DemoTestSuit.java:34)
	at java.util.concurrent.FutureTask.run(FutureTask.java:266)
	at java.util.concurrent.ThreadPoolExecutor.runWorker(ThreadPoolExecutor.java:1149)
	at java.util.concurrent.ThreadPoolExecutor$Worker.run(ThreadPoolExecutor.java:624)
	at java.lang.Thread.run(Thread.java:748)
... Removed 24 stack frames</pre></div><a href='#' onClick='toggleBox("stack-trace651410142", this, "Click to show all stack frames", "Click to hide stack frames")'>Click to show all stack frames</a>
<div class='stack-trace' id='stack-trace651410142'><pre>org.openqa.selenium.NoSuchElementException: no such element: Unable to locate element: {&quot;method&quot;:&quot;xpath&quot;,&quot;selector&quot;:&quot;//figure[@data-strain=&apos;hybrid&apos; and @data-product=&apos;prerolls&apos;]//h2[.=&apos;testproduct1342&apos;]/..//div[@class=&apos;pack-count three-packs text-color-2&apos;]/div[@class=&apos;count-part count-plus&apos;]&quot;}
  (Session info: chrome=62.0.3202.94)
  (Driver info: chromedriver=2.33.506120 (e3e53437346286c0bc2d2dc9aa4915ba81d9023f),platform=Windows NT 10.0.15063 x86_64) (WARNING: The server did not provide any stacktrace information)
Command duration or timeout: 10.03 seconds
For documentation on this error, please visit: http://seleniumhq.org/exceptions/no_such_element.html
Build info: version: &apos;2.53.1&apos;, revision: &apos;a36b8b1cd5757287168e54b817830adce9b0158d&apos;, time: &apos;2016-06-30 19:26:09&apos;
System info: host: &apos;EPUALVIW0912&apos;, ip: &apos;10.25.14.48&apos;, os.name: &apos;Windows 10&apos;, os.arch: &apos;amd64&apos;, os.version: &apos;10.0&apos;, java.version: &apos;1.8.0_151&apos;
Driver info: org.openqa.selenium.chrome.ChromeDriver
Capabilities [{applicationCacheEnabled=false, rotatable=false, mobileEmulationEnabled=false, networkConnectionEnabled=false, chrome={chromedriverVersion=2.33.506120 (e3e53437346286c0bc2d2dc9aa4915ba81d9023f), userDataDir=C:\Users\NAZAR_~1\AppData\Local\Temp\scoped_dir20928_1985}, takesHeapSnapshot=true, pageLoadStrategy=normal, databaseEnabled=false, handlesAlerts=true, hasTouchScreen=false, version=62.0.3202.94, platform=XP, browserConnectionEnabled=false, nativeEvents=true, acceptSslCerts=true, locationContextEnabled=true, webStorageEnabled=true, browserName=chrome, takesScreenshot=true, javascriptEnabled=true, cssSelectorsEnabled=true, setWindowRect=true, unexpectedAlertBehaviour=}]
Session ID: 42698aab76f87d62769d478293c9c92e
*** Element info: {Using=xpath, value=//figure[@data-strain=&apos;hybrid&apos; and @data-product=&apos;prerolls&apos;]//h2[.=&apos;testproduct1342&apos;]/..//div[@class=&apos;pack-count three-packs text-color-2&apos;]/div[@class=&apos;count-part count-plus&apos;]}
	at sun.reflect.NativeConstructorAccessorImpl.newInstance0(Native Method)
	at sun.reflect.NativeConstructorAccessorImpl.newInstance(NativeConstructorAccessorImpl.java:62)
	at sun.reflect.DelegatingConstructorAccessorImpl.newInstance(DelegatingConstructorAccessorImpl.java:45)
	at java.lang.reflect.Constructor.newInstance(Constructor.java:423)
	at org.openqa.selenium.remote.ErrorHandler.createThrowable(ErrorHandler.java:206)
	at org.openqa.selenium.remote.ErrorHandler.throwIfResponseFailed(ErrorHandler.java:158)
	at org.openqa.selenium.remote.RemoteWebDriver.execute(RemoteWebDriver.java:678)
	at org.openqa.selenium.remote.RemoteWebDriver.findElement(RemoteWebDriver.java:363)
	at org.openqa.selenium.remote.RemoteWebDriver.findElementByXPath(RemoteWebDriver.java:500)
	at org.openqa.selenium.By$ByXPath.findElement(By.java:361)
	at org.openqa.selenium.remote.RemoteWebDriver.findElement(RemoteWebDriver.java:355)
	at sun.reflect.NativeMethodAccessorImpl.invoke0(Native Method)
	at sun.reflect.NativeMethodAccessorImpl.invoke(NativeMethodAccessorImpl.java:62)
	at sun.reflect.DelegatingMethodAccessorImpl.invoke(DelegatingMethodAccessorImpl.java:43)
	at java.lang.reflect.Method.invoke(Method.java:498)
	at org.openqa.selenium.support.events.EventFiringWebDriver$2.invoke(EventFiringWebDriver.java:103)
	at com.sun.proxy.$Proxy24.findElement(Unknown Source)
	at org.openqa.selenium.support.events.EventFiringWebDriver.findElement(EventFiringWebDriver.java:188)
	at pageObject.mmjtraine.pages.MenuPage.selectQuantityProductItem(MenuPage.java:70)
	at pageobject.buildertest.DemoTestSuit.checkRedirectionToMenuPageAfterAddingLocationManuallyTEST(DemoTestSuit.java:34)
	at sun.reflect.NativeMethodAccessorImpl.invoke0(Native Method)
	at sun.reflect.NativeMethodAccessorImpl.invoke(NativeMethodAccessorImpl.java:62)
	at sun.reflect.DelegatingMethodAccessorImpl.invoke(DelegatingMethodAccessorImpl.java:43)
	at java.lang.reflect.Method.invoke(Method.java:498)
	at org.testng.internal.MethodInvocationHelper.invokeMethod(MethodInvocationHelper.java:86)
	at org.testng.internal.Invoker.invokeMethod(Invoker.java:643)
	at org.testng.internal.Invoker.invokeTestMethod(Invoker.java:820)
	at org.testng.internal.Invoker.invokeTestMethods(Invoker.java:1128)
	at org.testng.internal.TestMethodWorker.invokeTestMethods(TestMethodWorker.java:129)
	at org.testng.internal.TestMethodWorker.run(TestMethodWorker.java:112)
	at org.testng.TestRunner.privateRun(TestRunner.java:782)
	at org.testng.TestRunner.run(TestRunner.java:632)
	at org.testng.SuiteRunner.runTest(SuiteRunner.java:366)
	at org.testng.SuiteRunner.access$000(SuiteRunner.java:39)
	at org.testng.SuiteRunner$SuiteWorker.run(SuiteRunner.java:400)
	at org.testng.internal.thread.ThreadUtil$2.call(ThreadUtil.java:64)
	at java.util.concurrent.FutureTask.run(FutureTask.java:266)
	at java.util.concurrent.ThreadPoolExecutor.runWorker(ThreadPoolExecutor.java:1149)
	at java.util.concurrent.ThreadPoolExecutor$Worker.run(ThreadPoolExecutor.java:624)
	at java.lang.Thread.run(Thread.java:748)
</pre></div></td>
<td>11</td>
<td>pageobject.buildertest.DemoTestSuit@72168258</td></tr>
</table><p>
<table width='100%' border='1' class='invocation-passed'>
<tr><td colspan='4' align='center'><b>PASSED TESTS</b></td></tr>
<tr><td><b>Test method</b></td>
<td width="30%"><b>Exception</b></td>
<td width="10%"><b>Time (seconds)</b></td>
<td><b>Instance</b></td>
</tr>
<tr>
<td title='pageobject.facadetest.DemoTestSuit.checkLogInAdminUser()'><b>checkLogInAdminUser</b><br>Test class: pageobject.facadetest.DemoTestSuit<br/>
<a href="#Output-1991461253" onClick='toggleBox("Output-1991461253", this, "Show output", "Hide output");'>Show output</a>

<a href="#Output-1991461253" onClick="toggleAllBoxes();">Show all outputs</a>
<div class='log' id="Output-1991461253">
<p><b>Test Status after execution: </b>&nbspPass<p><br/>
<p><b>Test Status after execution: </b>&nbspPass<p><br/>
</div>
</td>
<td></td>
<td>10</td>
<td>pageobject.facadetest.DemoTestSuit@b5ff70b</td></tr>
<tr>
<td title='pageobject.facadetest.DemoTestSuit.checkLogInManagerUser()'><b>checkLogInManagerUser</b><br>Test class: pageobject.facadetest.DemoTestSuit<br/>
<a href="#Output-1562085641" onClick='toggleBox("Output-1562085641", this, "Show output", "Hide output");'>Show output</a>

<a href="#Output-1562085641" onClick="toggleAllBoxes();">Show all outputs</a>
<div class='log' id="Output-1562085641">
<p><b>Test Status after execution: </b>&nbspPass<p><br/>
<p><b>Test Status after execution: </b>&nbspPass<p><br/>
</div>
</td>
<td></td>
<td>0</td>
<td>pageobject.facadetest.DemoTestSuit@b5ff70b</td></tr>
<tr>
<td title='pageobject.facadetest.DemoTestSuit.checkLogInShipperUser()'><b>checkLogInShipperUser</b><br>Test class: pageobject.facadetest.DemoTestSuit<br/>
<a href="#Output-20753696" onClick='toggleBox("Output-20753696", this, "Show output", "Hide output");'>Show output</a>

<a href="#Output-20753696" onClick="toggleAllBoxes();">Show all outputs</a>
<div class='log' id="Output-20753696">
<p><b>Test Status after execution: </b>&nbspPass<p><br/>
<p><b>Test Status after execution: </b>&nbspPass<p><br/>
</div>
</td>
<td></td>
<td>0</td>
<td>pageobject.facadetest.DemoTestSuit@b5ff70b</td></tr>
<tr>
<td title='pageobject.strategytest.DemoTestSuit.checkRedirectionToMenuPageAfterAddingLocationAutomatically()'><b>checkRedirectionToMenuPageAfterAddingLocationAutomatically</b><br>Test class: pageobject.strategytest.DemoTestSuit<br/>
<a href="#Output-904357226" onClick='toggleBox("Output-904357226", this, "Show output", "Hide output");'>Show output</a>

<a href="#Output-904357226" onClick="toggleAllBoxes();">Show all outputs</a>
<div class='log' id="Output-904357226">
<p><b>Test Status after execution: </b>&nbspPass<p><br/>
<p><b>Test Status after execution: </b>&nbspPass<p><br/>
</div>
</td>
<td></td>
<td>1</td>
<td>pageobject.strategytest.DemoTestSuit@4af84a76</td></tr>
<tr>
<td title='pageobject.strategytest.DemoTestSuit.checkRedirectionToMenuPageAfterAddingLocationManually()'><b>checkRedirectionToMenuPageAfterAddingLocationManually</b><br>Test class: pageobject.strategytest.DemoTestSuit<br/>
<a href="#Output-456900092" onClick='toggleBox("Output-456900092", this, "Show output", "Hide output");'>Show output</a>

<a href="#Output-456900092" onClick="toggleAllBoxes();">Show all outputs</a>
<div class='log' id="Output-456900092">
<p><b>Test Status after execution: </b>&nbspPass<p><br/>
<p><b>Test Status after execution: </b>&nbspPass<p><br/>
</div>
</td>
<td></td>
<td>0</td>
<td>pageobject.strategytest.DemoTestSuit@4af84a76</td></tr>
</table><p>
</body>
</html>