<?xml version="1.0" encoding="UTF-8" standalone="yes"?>
<ns2:test-suite start="1512148205073" stop="1512148290501" version="1.4.23" xmlns:ns2="urn:model.allure.qatools.yandex.ru">
    <name>MMJTest : ChromeTesting[browserName=chrome, config=single.conf.json]</name>
    <title>MMJTest : ChromeTesting[browserName=chrome, config=single.conf.json]</title>
    <test-cases>
        <test-case start="1512148211027" stop="1512148228346" status="broken">
            <name>checkRedirectionToMenuPageAfterAddingLocationManuallyTEST</name>
            <failure>
                <message>NoSuchElementException: no such element: Unable to locate element: {"method":"xpath","selector":"//figure[@data-strain='hybrid' and @data-product='prerolls']//h2[.='testproduct1342']/..//div[@class='pack-count three-packs text-color-2']/div[@class='count-part count-plus']"}
  (Session info: chrome=62.0.3202.94)
  (Driver info: chromedriver=2.33.506120 (e3e53437346286c0bc2d2dc9aa4915ba81d9023f),platform=Windows NT 10.0.15063 x86_64) (WARNING: The server did not provide any stacktrace information)
Command duration or timeout: 10.03 seconds
For documentation on this error, please visit: http://seleniumhq.org/exceptions/no_such_element.html
Build info: version: '2.53.1', revision: 'a36b8b1cd5757287168e54b817830adce9b0158d', time: '2016-06-30 19:26:09'
System info: host: 'EPUALVIW0912', ip: '10.25.14.48', os.name: 'Windows 10', os.arch: 'amd64', os.version: '10.0', java.version: '1.8.0_151'
Driver info: org.openqa.selenium.chrome.ChromeDriver
Capabilities [{applicationCacheEnabled=false, rotatable=false, mobileEmulationEnabled=false, networkConnectionEnabled=false, chrome={chromedriverVersion=2.33.506120 (e3e53437346286c0bc2d2dc9aa4915ba81d9023f), userDataDir=C:\Users\NAZAR_~1\AppData\Local\Temp\scoped_dir20928_1985}, takesHeapSnapshot=true, pageLoadStrategy=normal, databaseEnabled=false, handlesAlerts=true, hasTouchScreen=false, version=62.0.3202.94, platform=XP, browserConnectionEnabled=false, nativeEvents=true, acceptSslCerts=true, locationContextEnabled=true, webStorageEnabled=true, browserName=chrome, takesScreenshot=true, javascriptEnabled=true, cssSelectorsEnabled=true, setWindowRect=true, unexpectedAlertBehaviour=}]
Session ID: 42698aab76f87d62769d478293c9c92e
*** Element info: {Using=xpath, value=//figure[@data-strain='hybrid' and @data-product='prerolls']//h2[.='testproduct1342']/..//div[@class='pack-count three-packs text-color-2']/div[@class='count-part count-plus']}</message>
                <stack-trace>org.openqa.selenium.NoSuchElementException: no such element: Unable to locate element: {"method":"xpath","selector":"//figure[@data-strain='hybrid' and @data-product='prerolls']//h2[.='testproduct1342']/..//div[@class='pack-count three-packs text-color-2']/div[@class='count-part count-plus']"}
  (Session info: chrome=62.0.3202.94)
  (Driver info: chromedriver=2.33.506120 (e3e53437346286c0bc2d2dc9aa4915ba81d9023f),platform=Windows NT 10.0.15063 x86_64) (WARNING: The server did not provide any stacktrace information)
Command duration or timeout: 10.03 seconds
For documentation on this error, please visit: http://seleniumhq.org/exceptions/no_such_element.html
Build info: version: '2.53.1', revision: 'a36b8b1cd5757287168e54b817830adce9b0158d', time: '2016-06-30 19:26:09'
System info: host: 'EPUALVIW0912', ip: '10.25.14.48', os.name: 'Windows 10', os.arch: 'amd64', os.version: '10.0', java.version: '1.8.0_151'
Driver info: org.openqa.selenium.chrome.ChromeDriver
Capabilities [{applicationCacheEnabled=false, rotatable=false, mobileEmulationEnabled=false, networkConnectionEnabled=false, chrome={chromedriverVersion=2.33.506120 (e3e53437346286c0bc2d2dc9aa4915ba81d9023f), userDataDir=C:\Users\NAZAR_~1\AppData\Local\Temp\scoped_dir20928_1985}, takesHeapSnapshot=true, pageLoadStrategy=normal, databaseEnabled=false, handlesAlerts=true, hasTouchScreen=false, version=62.0.3202.94, platform=XP, browserConnectionEnabled=false, nativeEvents=true, acceptSslCerts=true, locationContextEnabled=true, webStorageEnabled=true, browserName=chrome, takesScreenshot=true, javascriptEnabled=true, cssSelectorsEnabled=true, setWindowRect=true, unexpectedAlertBehaviour=}]
Session ID: 42698aab76f87d62769d478293c9c92e
*** Element info: {Using=xpath, value=//figure[@data-strain='hybrid' and @data-product='prerolls']//h2[.='testproduct1342']/..//div[@class='pack-count three-packs text-color-2']/div[@class='count-part count-plus']}
	at sun.reflect.NativeConstructorAccessorImpl.newInstance0(Native Method)
	at sun.reflect.NativeConstructorAccessorImpl.newInstance(NativeConstructorAccessorImpl.java:62)
	at sun.reflect.DelegatingConstructorAccessorImpl.newInstance(DelegatingConstructorAccessorImpl.java:45)
	at java.lang.reflect.Constructor.newInstance(Constructor.java:423)
	at org.openqa.selenium.remote.ErrorHandler.createThrowable(ErrorHandler.java:206)
	at org.openqa.selenium.remote.ErrorHandler.throwIfResponseFailed(ErrorHandler.java:158)
	at org.openqa.selenium.remote.RemoteWebDriver.execute(RemoteWebDriver.java:678)
	at org.openqa.selenium.remote.RemoteWebDriver.findElement(RemoteWebDriver.java:363)
	at org.openqa.selenium.remote.RemoteWebDriver.findElementByXPath(RemoteWebDriver.java:500)
	at org.openqa.selenium.By$ByXPath.findElement(By.java:361)
	at org.openqa.selenium.remote.RemoteWebDriver.findElement(RemoteWebDriver.java:355)
	at sun.reflect.NativeMethodAccessorImpl.invoke0(Native Method)
	at sun.reflect.NativeMethodAccessorImpl.invoke(NativeMethodAccessorImpl.java:62)
	at sun.reflect.DelegatingMethodAccessorImpl.invoke(DelegatingMethodAccessorImpl.java:43)
	at java.lang.reflect.Method.invoke(Method.java:498)
	at org.openqa.selenium.support.events.EventFiringWebDriver$2.invoke(EventFiringWebDriver.java:103)
	at com.sun.proxy.$Proxy24.findElement(Unknown Source)
	at org.openqa.selenium.support.events.EventFiringWebDriver.findElement(EventFiringWebDriver.java:188)
	at pageObject.mmjtraine.pages.MenuPage.selectQuantityProductItem(MenuPage.java:70)
	at pageobject.buildertest.DemoTestSuit.checkRedirectionToMenuPageAfterAddingLocationManuallyTEST(DemoTestSuit.java:34)
	at sun.reflect.NativeMethodAccessorImpl.invoke0(Native Method)
	at sun.reflect.NativeMethodAccessorImpl.invoke(NativeMethodAccessorImpl.java:62)
	at sun.reflect.DelegatingMethodAccessorImpl.invoke(DelegatingMethodAccessorImpl.java:43)
	at java.lang.reflect.Method.invoke(Method.java:498)
	at org.testng.internal.MethodInvocationHelper.invokeMethod(MethodInvocationHelper.java:86)
	at org.testng.internal.Invoker.invokeMethod(Invoker.java:643)
	at org.testng.internal.Invoker.invokeTestMethod(Invoker.java:820)
	at org.testng.internal.Invoker.invokeTestMethods(Invoker.java:1128)
	at org.testng.internal.TestMethodWorker.invokeTestMethods(TestMethodWorker.java:129)
	at org.testng.internal.TestMethodWorker.run(TestMethodWorker.java:112)
	at org.testng.TestRunner.privateRun(TestRunner.java:782)
	at org.testng.TestRunner.run(TestRunner.java:632)
	at org.testng.SuiteRunner.runTest(SuiteRunner.java:366)
	at org.testng.SuiteRunner.access$000(SuiteRunner.java:39)
	at org.testng.SuiteRunner$SuiteWorker.run(SuiteRunner.java:400)
	at org.testng.internal.thread.ThreadUtil$2.call(ThreadUtil.java:64)
	at java.util.concurrent.FutureTask.run(FutureTask.java:266)
	at java.util.concurrent.ThreadPoolExecutor.runWorker(ThreadPoolExecutor.java:1149)
	at java.util.concurrent.ThreadPoolExecutor$Worker.run(ThreadPoolExecutor.java:624)
	at java.lang.Thread.run(Thread.java:748)
</stack-trace>
            </failure>
            <steps>
                <step start="1512148211118" stop="1512148211611" status="passed">
                    <name>giveGeolocation[pageObject.mmjtraine.businessobject.geolocationstrategy.ManualLocation@49544063]</name>
                </step>
                <step start="1512148211899" stop="1512148212134" status="passed">
                    <name>selectPortionProductItem[pageObject.mmjtraine.businessobject.productitembuilder.PortionProductItem@7d86191d]</name>
                </step>
                <step start="1512148212136" stop="1512148212221" status="passed">
                    <name>addToCartPortionProductItem[pageObject.mmjtraine.businessobject.productitembuilder.PortionProductItem@7d86191d]</name>
                </step>
                <step start="1512148212224" stop="1512148222262" status="broken">
                    <name>selectQuantityProductItem[pageObject.mmjtraine.businessobject.productitembuilder.QuantityProductItem@19461f6e]</name>
                </step>
            </steps>
            <attachments>
                <attachment title="Browser screenshot after Test failed" source="bb420f2f-f219-431d-a126-f82c489151c7-attachment.png" type="image/png"/>
            </attachments>
            <labels>
                <label name="host" value="EPUALVIW0912"/>
                <label name="thread" value="360@EPUALVIW0912.TestNG(15)"/>
            </labels>
        </test-case>
        <test-case start="1512148240731" stop="1512148242622" status="passed">
            <name>checkRedirectionToMenuPageAfterAddingLocationAutomatically</name>
            <steps>
                <step start="1512148240734" stop="1512148240829" status="passed">
                    <name>giveGeolocation[pageObject.mmjtraine.businessobject.geolocationstrategy.AutoLocation@346658b4]</name>
                    <attachments/>
                    <steps/>
                </step>
            </steps>
            <attachments>
                <attachment title="Browser screenshot after Test failed" source="d9d64f1b-67ed-4dae-9cba-8bb17125e757-attachment.png" type="image/png"/>
            </attachments>
            <labels>
                <label name="host" value="EPUALVIW0912"/>
                <label name="thread" value="360@EPUALVIW0912.TestNG(15)"/>
            </labels>
        </test-case>
        <test-case start="1512148248840" stop="1512148249599" status="passed">
            <name>checkRedirectionToMenuPageAfterAddingLocationManually</name>
            <steps>
                <step start="1512148248843" stop="1512148249281" status="passed">
                    <name>giveGeolocation[pageObject.mmjtraine.businessobject.geolocationstrategy.ManualLocation@7b8c7bc8]</name>
                    <attachments/>
                    <steps/>
                </step>
            </steps>
            <attachments/>
            <labels>
                <label name="host" value="EPUALVIW0912"/>
                <label name="thread" value="360@EPUALVIW0912.TestNG(15)"/>
            </labels>
        </test-case>
        <test-case start="1512148256260" stop="1512148266298" status="passed">
            <name>checkLogInAdminUser</name>
            <steps>
                <step start="1512148256265" stop="1512148261389" status="passed">
                    <name>clickOnSignInButton</name>
                    <attachments/>
                    <steps/>
                </step>
            </steps>
            <attachments/>
            <labels>
                <label name="host" value="EPUALVIW0912"/>
                <label name="thread" value="360@EPUALVIW0912.TestNG(15)"/>
            </labels>
        </test-case>
        <test-case start="1512148282037" stop="1512148282785" status="passed">
            <name>checkLogInManagerUser</name>
            <steps>
                <step start="1512148282038" stop="1512148282125" status="passed">
                    <name>clickOnSignInButton</name>
                    <attachments/>
                    <steps/>
                </step>
            </steps>
            <attachments/>
            <labels>
                <label name="host" value="EPUALVIW0912"/>
                <label name="thread" value="360@EPUALVIW0912.TestNG(15)"/>
            </labels>
        </test-case>
        <test-case start="1512148288519" stop="1512148289345" status="passed">
            <name>checkLogInShipperUser</name>
            <steps>
                <step start="1512148288521" stop="1512148288609" status="passed">
                    <name>clickOnSignInButton</name>
                    <attachments/>
                    <steps/>
                </step>
            </steps>
            <attachments/>
            <labels>
                <label name="host" value="EPUALVIW0912"/>
                <label name="thread" value="360@EPUALVIW0912.TestNG(15)"/>
            </labels>
        </test-case>
    </test-cases>
    <labels>
        <label name="framework" value="TestNG"/>
        <label name="language" value="JAVA"/>
    </labels>
</ns2:test-suite>
